INFO [2021-01-28 17:29:24] $x
INFO [2021-01-28 17:29:24] List_all
INFO [2021-01-28 17:29:24] 
INFO [2021-01-28 17:29:24] $category.names
INFO [2021-01-28 17:29:24] c("Mit-rRNA Rep 1", "Mit-rRNA Rep 2 ", "Mit-rRNA Rep 3")
INFO [2021-01-28 17:29:24] 
INFO [2021-01-28 17:29:24] $filename
INFO [2021-01-28 17:29:24] [1] "WT_venn_diagramm_mitochondrial.tiff"
INFO [2021-01-28 17:29:24] 
INFO [2021-01-28 17:29:24] $lwd
INFO [2021-01-28 17:29:24] [1] 2
INFO [2021-01-28 17:29:24] 
INFO [2021-01-28 17:29:24] $lty
INFO [2021-01-28 17:29:24] [1] "blank"
INFO [2021-01-28 17:29:24] 
INFO [2021-01-28 17:29:24] $fill
INFO [2021-01-28 17:29:24] myCol
INFO [2021-01-28 17:29:24] 
INFO [2021-01-28 17:29:24] $output
INFO [2021-01-28 17:29:24] [1] TRUE
INFO [2021-01-28 17:29:24] 
INFO [2021-01-28 17:29:24] $imagetype
INFO [2021-01-28 17:29:24] [1] "tiff"
INFO [2021-01-28 17:29:24] 
INFO [2021-01-28 17:29:24] $height
INFO [2021-01-28 17:29:24] [1] 500
INFO [2021-01-28 17:29:24] 
INFO [2021-01-28 17:29:24] $width
INFO [2021-01-28 17:29:24] [1] 500
INFO [2021-01-28 17:29:24] 
INFO [2021-01-28 17:29:24] $resolution
INFO [2021-01-28 17:29:24] [1] 500
INFO [2021-01-28 17:29:24] 
INFO [2021-01-28 17:29:24] $compression
INFO [2021-01-28 17:29:24] [1] "lzw"
INFO [2021-01-28 17:29:24] 
INFO [2021-01-28 17:29:24] $cex
INFO [2021-01-28 17:29:24] [1] 0.3
INFO [2021-01-28 17:29:24] 
INFO [2021-01-28 17:29:24] $fontface
INFO [2021-01-28 17:29:24] [1] "bold"
INFO [2021-01-28 17:29:24] 
INFO [2021-01-28 17:29:24] $fontfamily
INFO [2021-01-28 17:29:24] [1] "sans"
INFO [2021-01-28 17:29:24] 
INFO [2021-01-28 17:29:24] $cat.cex
INFO [2021-01-28 17:29:24] [1] 0.2
INFO [2021-01-28 17:29:24] 
INFO [2021-01-28 17:29:24] $cat.fontface
INFO [2021-01-28 17:29:24] [1] "bold"
INFO [2021-01-28 17:29:24] 
INFO [2021-01-28 17:29:24] $cat.default.pos
INFO [2021-01-28 17:29:24] [1] "outer"
INFO [2021-01-28 17:29:24] 
INFO [2021-01-28 17:29:24] $cat.pos
INFO [2021-01-28 17:29:24] c(-27, 27, 135)
INFO [2021-01-28 17:29:24] 
INFO [2021-01-28 17:29:24] $cat.dist
INFO [2021-01-28 17:29:24] c(0.055, 0.055, 0.085)
INFO [2021-01-28 17:29:24] 
INFO [2021-01-28 17:29:24] $cat.fontfamily
INFO [2021-01-28 17:29:24] [1] "sans"
INFO [2021-01-28 17:29:24] 
INFO [2021-01-28 17:29:24] $rotation
INFO [2021-01-28 17:29:24] [1] 1
INFO [2021-01-28 17:29:24] 
